Copyright 1986-2018 Xilinx, Inc. All Rights Reserved.
-----------------------------------------------------------------------------------------------------------------------------------------------------------
| Tool Version : Vivado v.2018.3 (win64) Build 2405991 Thu Dec  6 23:38:27 MST 2018
| Date         : Wed Jul 28 14:24:12 2021
| Host         : LiuYang-Laptop running 64-bit major release  (build 9200)
| Command      : report_methodology -file seq_det_methodology_drc_routed.rpt -pb seq_det_methodology_drc_routed.pb -rpx seq_det_methodology_drc_routed.rpx
| Design       : seq_det
| Device       : xc7z020clg400-2
| Speed File   : -2
| Design State : Fully Routed
-----------------------------------------------------------------------------------------------------------------------------------------------------------

Report Methodology

Table of Contents
-----------------
1. REPORT SUMMARY
2. REPORT DETAILS

1. REPORT SUMMARY
-----------------
            Netlist: netlist
          Floorplan: design_1
      Design limits: <entire design considered>
             Max violations: <unlimited>
             Violations found: 13
+-----------+----------+-----------------------------+------------+
| Rule      | Severity | Description                 | Violations |
+-----------+----------+-----------------------------+------------+
| TIMING-17 | Warning  | Non-clocked sequential cell | 7          |
| TIMING-20 | Warning  | Non-clocked latch           | 6          |
+-----------+----------+-----------------------------+------------+

2. REPORT DETAILS
-----------------
TIMING-17#1 Warning
Non-clocked sequential cell  
The clock pin FSM_onehot_current_state_reg[0]/C is not reached by a timing clock
Related violations: <none>

TIMING-17#2 Warning
Non-clocked sequential cell  
The clock pin FSM_onehot_current_state_reg[1]/C is not reached by a timing clock
Related violations: <none>

TIMING-17#3 Warning
Non-clocked sequential cell  
The clock pin FSM_onehot_current_state_reg[2]/C is not reached by a timing clock
Related violations: <none>

TIMING-17#4 Warning
Non-clocked sequential cell  
The clock pin FSM_onehot_current_state_reg[3]/C is not reached by a timing clock
Related violations: <none>

TIMING-17#5 Warning
Non-clocked sequential cell  
The clock pin FSM_onehot_current_state_reg[4]/C is not reached by a timing clock
Related violations: <none>

TIMING-17#6 Warning
Non-clocked sequential cell  
The clock pin FSM_onehot_current_state_reg[5]/C is not reached by a timing clock
Related violations: <none>

TIMING-17#7 Warning
Non-clocked sequential cell  
The clock pin z_reg/C is not reached by a timing clock
Related violations: <none>

TIMING-20#1 Warning
Non-clocked latch  
The latch FSM_onehot_next_state_reg[0] cannot be properly analyzed as its control pin FSM_onehot_next_state_reg[0]/G is not reached by a timing clock
Related violations: <none>

TIMING-20#2 Warning
Non-clocked latch  
The latch FSM_onehot_next_state_reg[1] cannot be properly analyzed as its control pin FSM_onehot_next_state_reg[1]/G is not reached by a timing clock
Related violations: <none>

TIMING-20#3 Warning
Non-clocked latch  
The latch FSM_onehot_next_state_reg[2] cannot be properly analyzed as its control pin FSM_onehot_next_state_reg[2]/G is not reached by a timing clock
Related violations: <none>

TIMING-20#4 Warning
Non-clocked latch  
The latch FSM_onehot_next_state_reg[3] cannot be properly analyzed as its control pin FSM_onehot_next_state_reg[3]/G is not reached by a timing clock
Related violations: <none>

TIMING-20#5 Warning
Non-clocked latch  
The latch FSM_onehot_next_state_reg[4] cannot be properly analyzed as its control pin FSM_onehot_next_state_reg[4]/G is not reached by a timing clock
Related violations: <none>

TIMING-20#6 Warning
Non-clocked latch  
The latch FSM_onehot_next_state_reg[5] cannot be properly analyzed as its control pin FSM_onehot_next_state_reg[5]/G is not reached by a timing clock
Related violations: <none>


