
*** Running vivado
    with args -log fifo_async.vds -m64 -product Vivado -mode batch -messageDb vivado.pb -notrace -source fifo_async.tcl


****** Vivado v2018.3 (64-bit)
  **** SW Build 2405991 on Thu Dec  6 23:38:27 MST 2018
  **** IP Build 2404404 on Fri Dec  7 01:43:56 MST 2018
    ** Copyright 1986-2018 Xilinx, Inc. All Rights Reserved.

source fifo_async.tcl -notrace
Command: synth_design -top fifo_async -part xc7z020clg400-2
Starting synth_design
Attempting to get a license for feature 'Synthesis' and/or device 'xc7z020'
INFO: [Common 17-349] Got license for feature 'Synthesis' and/or device 'xc7z020'
INFO: Launching helper process for spawning children vivado processes
INFO: Helper process launched with PID 11120 
---------------------------------------------------------------------------------
Starting Synthesize : Time (s): cpu = 00:00:04 ; elapsed = 00:00:05 . Memory (MB): peak = 430.719 ; gain = 98.754
---------------------------------------------------------------------------------
INFO: [Synth 8-6157] synthesizing module 'fifo_async' [E:/Project/Doing/ProgrammingExercise/HDLBits/00-MyPractice/asyn_FIFO/asyn_FIFO.srcs/sources_1/new/fifo_async.v:22]
	Parameter DSIZE bound to: 8 - type: integer 
	Parameter ASIZE bound to: 4 - type: integer 
INFO: [Synth 8-6157] synthesizing module 'sync_r2w' [E:/Project/Doing/ProgrammingExercise/HDLBits/00-MyPractice/asyn_FIFO/asyn_FIFO.srcs/sources_1/new/sync_r2w.v:1]
	Parameter ADDRSIZE bound to: 4 - type: integer 
INFO: [Synth 8-6155] done synthesizing module 'sync_r2w' (1#1) [E:/Project/Doing/ProgrammingExercise/HDLBits/00-MyPractice/asyn_FIFO/asyn_FIFO.srcs/sources_1/new/sync_r2w.v:1]
INFO: [Synth 8-6157] synthesizing module 'sync_w2r' [E:/Project/Doing/ProgrammingExercise/HDLBits/00-MyPractice/asyn_FIFO/asyn_FIFO.srcs/sources_1/new/sync_w2r.v:1]
	Parameter ADDRSIZE bound to: 4 - type: integer 
INFO: [Synth 8-6155] done synthesizing module 'sync_w2r' (2#1) [E:/Project/Doing/ProgrammingExercise/HDLBits/00-MyPractice/asyn_FIFO/asyn_FIFO.srcs/sources_1/new/sync_w2r.v:1]
INFO: [Synth 8-6157] synthesizing module 'fifomem' [E:/Project/Doing/ProgrammingExercise/HDLBits/00-MyPractice/asyn_FIFO/asyn_FIFO.srcs/sources_1/new/fifomem.v:23]
	Parameter DATASIZE bound to: 8 - type: integer 
	Parameter ADDRSIZE bound to: 4 - type: integer 
	Parameter DEPTH bound to: 16 - type: integer 
INFO: [Synth 8-6155] done synthesizing module 'fifomem' (3#1) [E:/Project/Doing/ProgrammingExercise/HDLBits/00-MyPractice/asyn_FIFO/asyn_FIFO.srcs/sources_1/new/fifomem.v:23]
INFO: [Synth 8-6157] synthesizing module 'rptr_empty' [E:/Project/Doing/ProgrammingExercise/HDLBits/00-MyPractice/asyn_FIFO/asyn_FIFO.srcs/sources_1/new/rptr_empty.v:1]
	Parameter ADDRSIZE bound to: 4 - type: integer 
INFO: [Synth 8-6155] done synthesizing module 'rptr_empty' (4#1) [E:/Project/Doing/ProgrammingExercise/HDLBits/00-MyPractice/asyn_FIFO/asyn_FIFO.srcs/sources_1/new/rptr_empty.v:1]
INFO: [Synth 8-6157] synthesizing module 'wptr_full' [E:/Project/Doing/ProgrammingExercise/HDLBits/00-MyPractice/asyn_FIFO/asyn_FIFO.srcs/sources_1/new/wptr_full.v:1]
	Parameter ADDRSIZE bound to: 4 - type: integer 
INFO: [Synth 8-6155] done synthesizing module 'wptr_full' (5#1) [E:/Project/Doing/ProgrammingExercise/HDLBits/00-MyPractice/asyn_FIFO/asyn_FIFO.srcs/sources_1/new/wptr_full.v:1]
INFO: [Synth 8-6155] done synthesizing module 'fifo_async' (6#1) [E:/Project/Doing/ProgrammingExercise/HDLBits/00-MyPractice/asyn_FIFO/asyn_FIFO.srcs/sources_1/new/fifo_async.v:22]
---------------------------------------------------------------------------------
Finished Synthesize : Time (s): cpu = 00:00:05 ; elapsed = 00:00:06 . Memory (MB): peak = 487.090 ; gain = 155.125
---------------------------------------------------------------------------------
---------------------------------------------------------------------------------
Finished Constraint Validation : Time (s): cpu = 00:00:05 ; elapsed = 00:00:06 . Memory (MB): peak = 487.090 ; gain = 155.125
---------------------------------------------------------------------------------
---------------------------------------------------------------------------------
Start Loading Part and Timing Information
---------------------------------------------------------------------------------
Loading part: xc7z020clg400-2
---------------------------------------------------------------------------------
Finished Loading Part and Timing Information : Time (s): cpu = 00:00:05 ; elapsed = 00:00:06 . Memory (MB): peak = 487.090 ; gain = 155.125
---------------------------------------------------------------------------------
INFO: [Device 21-403] Loading part xc7z020clg400-2
---------------------------------------------------------------------------------
Finished RTL Optimization Phase 2 : Time (s): cpu = 00:00:05 ; elapsed = 00:00:07 . Memory (MB): peak = 487.090 ; gain = 155.125
---------------------------------------------------------------------------------

Report RTL Partitions: 
+-+--------------+------------+----------+
| |RTL Partition |Replication |Instances |
+-+--------------+------------+----------+
+-+--------------+------------+----------+
No constraint files found.
---------------------------------------------------------------------------------
Start RTL Component Statistics 
---------------------------------------------------------------------------------
Detailed RTL Component Info : 
+---Adders : 
	   2 Input      5 Bit       Adders := 4     
+---XORs : 
	   2 Input      5 Bit         XORs := 2     
+---Registers : 
	                5 Bit    Registers := 8     
	                1 Bit    Registers := 2     
+---RAMs : 
	              128 Bit         RAMs := 1     
---------------------------------------------------------------------------------
Finished RTL Component Statistics 
---------------------------------------------------------------------------------
---------------------------------------------------------------------------------
Start RTL Hierarchical Component Statistics 
---------------------------------------------------------------------------------
Hierarchical RTL Component report 
Module sync_r2w 
Detailed RTL Component Info : 
+---Registers : 
	                5 Bit    Registers := 2     
Module sync_w2r 
Detailed RTL Component Info : 
+---Registers : 
	                5 Bit    Registers := 2     
Module fifomem 
Detailed RTL Component Info : 
+---RAMs : 
	              128 Bit         RAMs := 1     
Module rptr_empty 
Detailed RTL Component Info : 
+---Adders : 
	   2 Input      5 Bit       Adders := 2     
+---XORs : 
	   2 Input      5 Bit         XORs := 1     
+---Registers : 
	                5 Bit    Registers := 2     
	                1 Bit    Registers := 1     
Module wptr_full 
Detailed RTL Component Info : 
+---Adders : 
	   2 Input      5 Bit       Adders := 2     
+---XORs : 
	   2 Input      5 Bit         XORs := 1     
+---Registers : 
	                5 Bit    Registers := 2     
	                1 Bit    Registers := 1     
---------------------------------------------------------------------------------
Finished RTL Hierarchical Component Statistics
---------------------------------------------------------------------------------
---------------------------------------------------------------------------------
Start Part Resource Summary
---------------------------------------------------------------------------------
Part Resources:
DSPs: 220 (col length:60)
BRAMs: 280 (col length: RAMB18 60 RAMB36 30)
---------------------------------------------------------------------------------
Finished Part Resource Summary
---------------------------------------------------------------------------------
No constraint files found.
---------------------------------------------------------------------------------
Start Cross Boundary and Area Optimization
---------------------------------------------------------------------------------
Warning: Parallel synthesis criteria is not met 
---------------------------------------------------------------------------------
Finished Cross Boundary and Area Optimization : Time (s): cpu = 00:00:09 ; elapsed = 00:00:12 . Memory (MB): peak = 649.219 ; gain = 317.254
---------------------------------------------------------------------------------
---------------------------------------------------------------------------------
Start ROM, RAM, DSP and Shift Register Reporting
---------------------------------------------------------------------------------

Distributed RAM: Preliminary Mapping  Report (see note below)
+------------+-----------------+-----------+----------------------+--------------+
|Module Name | RTL Object      | Inference | Size (Depth x Width) | Primitives   | 
+------------+-----------------+-----------+----------------------+--------------+
|fifo_async  | fifomem/mem_reg | Implied   | 16 x 8               | RAM32M x 2   | 
+------------+-----------------+-----------+----------------------+--------------+

Note: The table above is a preliminary report that shows the Distributed RAMs at the current stage of the synthesis flow. Some Distributed RAMs may be reimplemented as non Distributed RAM primitives later in the synthesis flow. Multiple instantiated RAMs are reported only once.
---------------------------------------------------------------------------------
Finished ROM, RAM, DSP and Shift Register Reporting
---------------------------------------------------------------------------------

Report RTL Partitions: 
+-+--------------+------------+----------+
| |RTL Partition |Replication |Instances |
+-+--------------+------------+----------+
+-+--------------+------------+----------+
No constraint files found.
---------------------------------------------------------------------------------
Start Timing Optimization
---------------------------------------------------------------------------------
---------------------------------------------------------------------------------
Finished Timing Optimization : Time (s): cpu = 00:00:09 ; elapsed = 00:00:12 . Memory (MB): peak = 649.219 ; gain = 317.254
---------------------------------------------------------------------------------
---------------------------------------------------------------------------------
Start ROM, RAM, DSP and Shift Register Reporting
---------------------------------------------------------------------------------

Distributed RAM: Final Mapping  Report
+------------+-----------------+-----------+----------------------+--------------+
|Module Name | RTL Object      | Inference | Size (Depth x Width) | Primitives   | 
+------------+-----------------+-----------+----------------------+--------------+
|fifo_async  | fifomem/mem_reg | Implied   | 16 x 8               | RAM32M x 2   | 
+------------+-----------------+-----------+----------------------+--------------+

---------------------------------------------------------------------------------
Finished ROM, RAM, DSP and Shift Register Reporting
---------------------------------------------------------------------------------

Report RTL Partitions: 
+-+--------------+------------+----------+
| |RTL Partition |Replication |Instances |
+-+--------------+------------+----------+
+-+--------------+------------+----------+
---------------------------------------------------------------------------------
Start Technology Mapping
---------------------------------------------------------------------------------
INFO: [Synth 8-3886] merging instance 'wptr_full/wptr_reg[4]' (FDC) to 'wptr_full/wbin_reg[4]'
INFO: [Synth 8-3886] merging instance 'rptr_empty/rptr_reg[4]' (FDC) to 'rptr_empty/rbin_reg[4]'
---------------------------------------------------------------------------------
Finished Technology Mapping : Time (s): cpu = 00:00:09 ; elapsed = 00:00:12 . Memory (MB): peak = 649.219 ; gain = 317.254
---------------------------------------------------------------------------------

Report RTL Partitions: 
+-+--------------+------------+----------+
| |RTL Partition |Replication |Instances |
+-+--------------+------------+----------+
+-+--------------+------------+----------+
---------------------------------------------------------------------------------
Start IO Insertion
---------------------------------------------------------------------------------
---------------------------------------------------------------------------------
Start Flattening Before IO Insertion
---------------------------------------------------------------------------------
---------------------------------------------------------------------------------
Finished Flattening Before IO Insertion
---------------------------------------------------------------------------------
---------------------------------------------------------------------------------
Start Final Netlist Cleanup
---------------------------------------------------------------------------------
---------------------------------------------------------------------------------
Finished Final Netlist Cleanup
---------------------------------------------------------------------------------
---------------------------------------------------------------------------------
Finished IO Insertion : Time (s): cpu = 00:00:11 ; elapsed = 00:00:14 . Memory (MB): peak = 649.219 ; gain = 317.254
---------------------------------------------------------------------------------

Report Check Netlist: 
+------+------------------+-------+---------+-------+------------------+
|      |Item              |Errors |Warnings |Status |Description       |
+------+------------------+-------+---------+-------+------------------+
|1     |multi_driven_nets |      0|        0|Passed |Multi driven nets |
+------+------------------+-------+---------+-------+------------------+
---------------------------------------------------------------------------------
Start Renaming Generated Instances
---------------------------------------------------------------------------------
---------------------------------------------------------------------------------
Finished Renaming Generated Instances : Time (s): cpu = 00:00:11 ; elapsed = 00:00:14 . Memory (MB): peak = 649.219 ; gain = 317.254
---------------------------------------------------------------------------------

Report RTL Partitions: 
+-+--------------+------------+----------+
| |RTL Partition |Replication |Instances |
+-+--------------+------------+----------+
+-+--------------+------------+----------+
---------------------------------------------------------------------------------
Start Rebuilding User Hierarchy
---------------------------------------------------------------------------------
---------------------------------------------------------------------------------
Finished Rebuilding User Hierarchy : Time (s): cpu = 00:00:11 ; elapsed = 00:00:14 . Memory (MB): peak = 649.219 ; gain = 317.254
---------------------------------------------------------------------------------
---------------------------------------------------------------------------------
Start Renaming Generated Ports
---------------------------------------------------------------------------------
---------------------------------------------------------------------------------
Finished Renaming Generated Ports : Time (s): cpu = 00:00:11 ; elapsed = 00:00:14 . Memory (MB): peak = 649.219 ; gain = 317.254
---------------------------------------------------------------------------------
---------------------------------------------------------------------------------
Start Handling Custom Attributes
---------------------------------------------------------------------------------
---------------------------------------------------------------------------------
Finished Handling Custom Attributes : Time (s): cpu = 00:00:11 ; elapsed = 00:00:14 . Memory (MB): peak = 649.219 ; gain = 317.254
---------------------------------------------------------------------------------
---------------------------------------------------------------------------------
Start Renaming Generated Nets
---------------------------------------------------------------------------------
---------------------------------------------------------------------------------
Finished Renaming Generated Nets : Time (s): cpu = 00:00:11 ; elapsed = 00:00:14 . Memory (MB): peak = 649.219 ; gain = 317.254
---------------------------------------------------------------------------------
---------------------------------------------------------------------------------
Start Writing Synthesis Report
---------------------------------------------------------------------------------

Report BlackBoxes: 
+-+--------------+----------+
| |BlackBox name |Instances |
+-+--------------+----------+
+-+--------------+----------+

Report Cell Usage: 
+------+-------+------+
|      |Cell   |Count |
+------+-------+------+
|1     |BUFG   |     2|
|2     |LUT1   |     2|
|3     |LUT2   |     1|
|4     |LUT3   |     4|
|5     |LUT4   |     4|
|6     |LUT5   |     6|
|7     |LUT6   |    10|
|8     |RAM32M |     2|
|9     |FDCE   |    39|
|10    |FDPE   |     1|
|11    |IBUF   |    14|
|12    |OBUF   |    10|
+------+-------+------+

Report Instance Areas: 
+------+-------------+-----------+------+
|      |Instance     |Module     |Cells |
+------+-------------+-----------+------+
|1     |top          |           |    95|
|2     |  fifomem    |fifomem    |     2|
|3     |  rptr_empty |rptr_empty |    23|
|4     |  sync_r2w   |sync_r2w   |    10|
|5     |  sync_w2r   |sync_w2r   |    10|
|6     |  wptr_full  |wptr_full  |    24|
+------+-------------+-----------+------+
---------------------------------------------------------------------------------
Finished Writing Synthesis Report : Time (s): cpu = 00:00:11 ; elapsed = 00:00:14 . Memory (MB): peak = 649.219 ; gain = 317.254
---------------------------------------------------------------------------------
Synthesis finished with 0 errors, 0 critical warnings and 0 warnings.
Synthesis Optimization Runtime : Time (s): cpu = 00:00:11 ; elapsed = 00:00:14 . Memory (MB): peak = 649.219 ; gain = 317.254
Synthesis Optimization Complete : Time (s): cpu = 00:00:11 ; elapsed = 00:00:14 . Memory (MB): peak = 649.219 ; gain = 317.254
INFO: [Project 1-571] Translating synthesized netlist
INFO: [Netlist 29-17] Analyzing 2 Unisim elements for replacement
INFO: [Netlist 29-28] Unisim Transformation completed in 0 CPU seconds
INFO: [Project 1-570] Preparing netlist for logic optimization
INFO: [Opt 31-138] Pushed 0 inverter(s) to 0 load pin(s).
Netlist sorting complete. Time (s): cpu = 00:00:00 ; elapsed = 00:00:00 . Memory (MB): peak = 759.680 ; gain = 0.000
INFO: [Project 1-111] Unisim Transformation Summary:
  A total of 2 instances were transformed.
  RAM32M => RAM32M (RAMD32, RAMD32, RAMD32, RAMD32, RAMD32, RAMD32, RAMS32, RAMS32): 2 instances

INFO: [Common 17-83] Releasing license: Synthesis
23 Infos, 0 Warnings, 0 Critical Warnings and 0 Errors encountered.
synth_design completed successfully
synth_design: Time (s): cpu = 00:00:18 ; elapsed = 00:00:24 . Memory (MB): peak = 759.680 ; gain = 440.980
Netlist sorting complete. Time (s): cpu = 00:00:00 ; elapsed = 00:00:00.001 . Memory (MB): peak = 759.680 ; gain = 0.000
WARNING: [Constraints 18-5210] No constraints selected for write.
Resolution: This message can indicate that there are no constraints for the design, or it can indicate that the used_in flags are set such that the constraints are ignored. This later case is used when running synth_design to not write synthesis constraints to the resulting checkpoint. Instead, project constraints are read when the synthesized design is opened.
INFO: [Common 17-1381] The checkpoint 'E:/Project/Doing/ProgrammingExercise/HDLBits/00-MyPractice/asyn_FIFO/asyn_FIFO.runs/synth_1/fifo_async.dcp' has been generated.
INFO: [runtcl-4] Executing : report_utilization -file fifo_async_utilization_synth.rpt -pb fifo_async_utilization_synth.pb
INFO: [Common 17-206] Exiting Vivado at Wed Jul 21 00:41:33 2021...
